<?xml version="1.0" encoding="UTF-8"?>
<testng-results ignored="0" total="1" passed="1" failed="0" skipped="0">
  <reporter-output>
  </reporter-output>
  <suite started-at="2025-05-13T23:49:19 IST" name="Suite" finished-at="2025-05-13T23:49:25 IST" duration-ms="5307">
    <groups>
      <group name="Master">
        <method signature="TC_01_AccountRegistration.verify_account_registration()[pri:0, instance:testCases.TC_01_AccountRegistration@21fd5faa]" name="verify_account_registration" class="testCases.TC_01_AccountRegistration"/>
      </group> <!-- Master -->
      <group name="Regression">
        <method signature="TC_01_AccountRegistration.verify_account_registration()[pri:0, instance:testCases.TC_01_AccountRegistration@21fd5faa]" name="verify_account_registration" class="testCases.TC_01_AccountRegistration"/>
      </group> <!-- Regression -->
    </groups>
    <test started-at="2025-05-13T23:49:19 IST" name="Test" finished-at="2025-05-13T23:49:25 IST" duration-ms="5307">
      <class name="testCases.TC_01_AccountRegistration">
        <test-method is-config="true" signature="setUp(java.lang.String,java.lang.String)[pri:0, instance:testCases.TC_01_AccountRegistration@21fd5faa]" started-at="2025-05-13T23:49:19 IST" name="setUp" finished-at="2025-05-13T23:49:22 IST" duration-ms="2683" status="PASS">
          <params>
            <param index="0">
              <value>
                <![CDATA[Windows]]>
              </value>
            </param>
            <param index="1">
              <value>
                <![CDATA[Chrome]]>
              </value>
            </param>
          </params>
          <reporter-output>
          </reporter-output>
        </test-method> <!-- setUp -->
        <test-method signature="verify_account_registration()[pri:0, instance:testCases.TC_01_AccountRegistration@21fd5faa]" started-at="2025-05-13T23:49:22 IST" name="verify_account_registration" finished-at="2025-05-13T23:49:24 IST" duration-ms="1988" status="PASS">
          <reporter-output>
          </reporter-output>
        </test-method> <!-- verify_account_registration -->
        <test-method is-config="true" signature="tearDown()[pri:0, instance:testCases.TC_01_AccountRegistration@21fd5faa]" started-at="2025-05-13T23:49:24 IST" name="tearDown" finished-at="2025-05-13T23:49:25 IST" duration-ms="585" status="PASS">
          <reporter-output>
          </reporter-output>
        </test-method> <!-- tearDown -->
      </class> <!-- testCases.TC_01_AccountRegistration -->
    </test> <!-- Test -->
  </suite> <!-- Suite -->
</testng-results>
